Number of Objects: 64
Total value: 19770
Total cost: 15570
0   197 97
1   101 1
2   219 119
3   996 896
4   287 187
5   467 367
6   1097 997
7   790 690
8   122 22
9   713 613
10  447 347
12  622 522
13  222 122
14  830 730
15  586 486
17  923 823
18  332 232
19  563 463
20  654 554
21  689 589
23  425 325
24  1070 970
25  1100 1000
27  876 776
28  376 276
29  223 123
30  431 331
31  456 356
32  461 361
33  405 305
35  147 47
36  527 427
39  239 139
40  191 91
41  347 247
43  311 211
44  110 10
45  200 100
52  237 137
57  201 101
58  199 99
59  381 281

